0 info it worked if it ends with ok
1 verbose cli [ 'C:\\Program Files\\nodejs\\node.exe',
1 verbose cli   'C:\\Program Files\\nodejs\\node_modules\\npm\\bin\\npm-cli.js',
1 verbose cli   'start' ]
2 info using npm@3.10.9
3 info using node@v6.9.2
4 verbose run-script [ 'prestart', 'start', 'poststart' ]
5 info lifecycle mean-secure@0.0.0~prestart: mean-secure@0.0.0
6 silly lifecycle mean-secure@0.0.0~prestart: no script for prestart, continuing
7 info lifecycle mean-secure@0.0.0~start: mean-secure@0.0.0
8 verbose lifecycle mean-secure@0.0.0~start: unsafe-perm in lifecycle true
9 verbose lifecycle mean-secure@0.0.0~start: PATH: C:\Program Files\nodejs\node_modules\npm\bin\node-gyp-bin;C:\Chandelle\node_modules\.bin;C:\Program Files\Java\jdk1.8.0_121;C:\tibco\tibrv\8.4\bin;C:\ProgramData\Oracle\Java\javapath;C:\oraclexe\app\oracle\product\11.2.0\server\bin;C:\Oracle\product\11.2.0\client_1\bin;C:\Users\cuntaal\AppData\Local\Temp\LRE9340.tmp\bin;C:\IRIS-4\apache-ant-1.7.1\bin;C:\windows\system32;C:\windows\;D:/maven\bin; D:/maven\bin;C:\Program Files (x86)\Git\cmd;C:\Program Files (x86)\GitExtensions\;C:\Program Files (x86)\scala\bin;;C:\Programs\spark-1.6.2-bin-hadoop2.6\bin;C:\Programs\hadoop-2.6.4\bin;C:\Program Files\Sublime Text 3;C:\Program Files\nodejs\;C:\Users\cuntaal\AppData\Local\Continuum\Anaconda3;C:\Users\cuntaal\AppData\Local\Continuum\Anaconda3\Scripts;C:\Users\cuntaal\AppData\Local\Continuum\Anaconda3\Library\bin;C:\Users\cuntaal\AppData\Roaming\npm
10 verbose lifecycle mean-secure@0.0.0~start: CWD: C:\Chandelle
11 silly lifecycle mean-secure@0.0.0~start: Args: [ '/d /s /c', 'ng build && node ./bin/www' ]
12 silly lifecycle mean-secure@0.0.0~start: Returned: code: 1  signal: null
13 info lifecycle mean-secure@0.0.0~start: Failed to exec start script
14 verbose stack Error: mean-secure@0.0.0 start: `ng build && node ./bin/www`
14 verbose stack Exit status 1
14 verbose stack     at EventEmitter.<anonymous> (C:\Program Files\nodejs\node_modules\npm\lib\utils\lifecycle.js:255:16)
14 verbose stack     at emitTwo (events.js:106:13)
14 verbose stack     at EventEmitter.emit (events.js:191:7)
14 verbose stack     at ChildProcess.<anonymous> (C:\Program Files\nodejs\node_modules\npm\lib\utils\spawn.js:40:14)
14 verbose stack     at emitTwo (events.js:106:13)
14 verbose stack     at ChildProcess.emit (events.js:191:7)
14 verbose stack     at maybeClose (internal/child_process.js:877:16)
14 verbose stack     at Process.ChildProcess._handle.onexit (internal/child_process.js:226:5)
15 verbose pkgid mean-secure@0.0.0
16 verbose cwd C:\Chandelle
17 error Windows_NT 6.1.7601
18 error argv "C:\\Program Files\\nodejs\\node.exe" "C:\\Program Files\\nodejs\\node_modules\\npm\\bin\\npm-cli.js" "start"
19 error node v6.9.2
20 error npm  v3.10.9
21 error code ELIFECYCLE
22 error mean-secure@0.0.0 start: `ng build && node ./bin/www`
22 error Exit status 1
23 error Failed at the mean-secure@0.0.0 start script 'ng build && node ./bin/www'.
23 error Make sure you have the latest version of node.js and npm installed.
23 error If you do, this is most likely a problem with the mean-secure package,
23 error not with npm itself.
23 error Tell the author that this fails on your system:
23 error     ng build && node ./bin/www
23 error You can get information on how to open an issue for this project with:
23 error     npm bugs mean-secure
23 error Or if that isn't available, you can get their info via:
23 error     npm owner ls mean-secure
23 error There is likely additional logging output above.
24 verbose exit [ 1, true ]
